<?xml version="1.0" encoding="utf-8"?>
<coverage line-rate="0.9704999999999999" branch-rate="0.826" version="1.9" timestamp="1639538609" lines-covered="33" lines-valid="34" branches-covered="38" branches-valid="46">
  <sources>
    <source>/</source>
  </sources>
  <packages>
    <package name="Day5.Lib" line-rate="0.9704999999999999" branch-rate="0.826" complexity="56">
      <classes>
        <class name="Day5.Lib" filename="home/gabriel/Projects/ggof/aoc/Day5/Day5.Lib/Library.fs" line-rate="0.9642000000000001" branch-rate="0.826" complexity="50">
          <methods>
            <method name="lineToPoints" signature="(System.String)" line-rate="1" branch-rate="0.75" complexity="8">
              <lines>
                <line number="6" hits="21" branch="False" />
                <line number="7" hits="63" branch="True" condition-coverage="75% (3/4)">
                  <conditions>
                    <condition number="33" type="jump" coverage="50%" />
                    <condition number="93" type="jump" coverage="100%" />
                  </conditions>
                </line>
                <line number="8" hits="63" branch="True" condition-coverage="75% (3/4)">
                  <conditions>
                    <condition number="119" type="jump" coverage="50%" />
                    <condition number="184" type="jump" coverage="100%" />
                  </conditions>
                </line>
                <line number="9" hits="21" branch="False" />
              </lines>
            </method>
            <method name="onlyStraight" signature="(System.Tuple`2&lt;a,b&gt;,System.Tuple`2&lt;a,b&gt;)" line-rate="1" branch-rate="1" complexity="2">
              <lines>
                <line number="12" hits="12" branch="True" condition-coverage="100% (2/2)">
                  <conditions>
                    <condition number="40" type="jump" coverage="100%" />
                  </conditions>
                </line>
                <line number="13" hits="12" branch="False" />
              </lines>
            </method>
            <method name="swapIfNegative" signature="(System.Int32,a,a)" line-rate="1" branch-rate="1" complexity="2">
              <lines>
                <line number="16" hits="24" branch="True" condition-coverage="100% (2/2)">
                  <conditions>
                    <condition number="3" type="jump" coverage="100%" />
                  </conditions>
                </line>
              </lines>
            </method>
            <method name="tupleToArray" signature="(System.Tuple`2&lt;System.Int32,System.Int32&gt;,System.Tuple`2&lt;System.Int32,System.Int32&gt;)" line-rate="1" branch-rate="0.8234999999999999" complexity="34">
              <lines>
                <line number="19" hits="16" branch="False" />
                <line number="20" hits="16" branch="False" />
                <line number="22" hits="16" branch="True" condition-coverage="100% (4/4)">
                  <conditions>
                    <condition number="77" type="jump" coverage="100%" />
                    <condition number="93" type="jump" coverage="100%" />
                  </conditions>
                </line>
                <line number="24" hits="8" branch="False" />
                <line number="25" hits="108" branch="True" condition-coverage="75% (3/4)">
                  <conditions>
                    <condition number="170" type="jump" coverage="100%" />
                    <condition number="216" type="jump" coverage="50%" />
                  </conditions>
                </line>
                <line number="27" hits="4" branch="False" />
                <line number="28" hits="44" branch="True" condition-coverage="75% (3/4)">
                  <conditions>
                    <condition number="301" type="jump" coverage="100%" />
                    <condition number="347" type="jump" coverage="50%" />
                  </conditions>
                </line>
                <line number="30" hits="4" branch="True" condition-coverage="100% (6/6)">
                  <conditions>
                    <condition number="411" type="jump" coverage="100%" />
                    <condition number="420" type="jump" coverage="100%" />
                    <condition number="434" type="jump" coverage="100%" />
                  </conditions>
                </line>
                <line number="31" hits="14" branch="True" condition-coverage="75% (3/4)">
                  <conditions>
                    <condition number="464" type="jump" coverage="100%" />
                    <condition number="517" type="jump" coverage="50%" />
                  </conditions>
                </line>
                <line number="32" hits="12" branch="True" condition-coverage="75% (3/4)">
                  <conditions>
                    <condition number="562" type="jump" coverage="100%" />
                    <condition number="615" type="jump" coverage="50%" />
                  </conditions>
                </line>
                <line number="33" hits="22" branch="True" condition-coverage="75% (3/4)">
                  <conditions>
                    <condition number="660" type="jump" coverage="100%" />
                    <condition number="713" type="jump" coverage="50%" />
                  </conditions>
                </line>
                <line number="34" hits="22" branch="True" condition-coverage="75% (3/4)">
                  <conditions>
                    <condition number="759" type="jump" coverage="100%" />
                    <condition number="812" type="jump" coverage="50%" />
                  </conditions>
                </line>
              </lines>
            </method>
            <method name="linesToPoints" signature="(Microsoft.FSharp.Collections.FSharpList`1&lt;System.String&gt;)" line-rate="0" branch-rate="1" complexity="1">
              <lines>
                <line number="36" hits="0" branch="False" />
              </lines>
            </method>
            <method name="byGreaterThanOne" signature="(System.Int32)" line-rate="1" branch-rate="1" complexity="1">
              <lines>
                <line number="38" hits="60" branch="False" />
              </lines>
            </method>
            <method name="totalOverlapsStraight" signature="(Microsoft.FSharp.Collections.FSharpList`1&lt;System.String&gt;)" line-rate="1" branch-rate="1" complexity="1">
              <lines>
                <line number="48" hits="1" branch="False" />
                <line number="49" hits="11" branch="False" />
                <line number="50" hits="11" branch="False" />
                <line number="51" hits="1" branch="False" />
              </lines>
            </method>
            <method name="totalOverlaps" signature="(Microsoft.FSharp.Collections.FSharpList`1&lt;System.String&gt;)" line-rate="1" branch-rate="1" complexity="1">
              <lines>
                <line number="55" hits="1" branch="False" />
                <line number="56" hits="11" branch="False" />
                <line number="57" hits="1" branch="False" />
              </lines>
            </method>
          </methods>
          <lines>
            <line number="6" hits="21" branch="False" />
            <line number="7" hits="63" branch="True" condition-coverage="75% (3/4)">
              <conditions>
                <condition number="33" type="jump" coverage="50%" />
                <condition number="93" type="jump" coverage="100%" />
              </conditions>
            </line>
            <line number="8" hits="63" branch="True" condition-coverage="75% (3/4)">
              <conditions>
                <condition number="119" type="jump" coverage="50%" />
                <condition number="184" type="jump" coverage="100%" />
              </conditions>
            </line>
            <line number="9" hits="21" branch="False" />
            <line number="12" hits="12" branch="True" condition-coverage="100% (2/2)">
              <conditions>
                <condition number="40" type="jump" coverage="100%" />
              </conditions>
            </line>
            <line number="13" hits="12" branch="False" />
            <line number="16" hits="24" branch="True" condition-coverage="100% (2/2)">
              <conditions>
                <condition number="3" type="jump" coverage="100%" />
              </conditions>
            </line>
            <line number="19" hits="16" branch="False" />
            <line number="20" hits="16" branch="False" />
            <line number="22" hits="16" branch="True" condition-coverage="100% (4/4)">
              <conditions>
                <condition number="77" type="jump" coverage="100%" />
                <condition number="93" type="jump" coverage="100%" />
              </conditions>
            </line>
            <line number="24" hits="8" branch="False" />
            <line number="25" hits="108" branch="True" condition-coverage="75% (3/4)">
              <conditions>
                <condition number="170" type="jump" coverage="100%" />
                <condition number="216" type="jump" coverage="50%" />
              </conditions>
            </line>
            <line number="27" hits="4" branch="False" />
            <line number="28" hits="44" branch="True" condition-coverage="75% (3/4)">
              <conditions>
                <condition number="301" type="jump" coverage="100%" />
                <condition number="347" type="jump" coverage="50%" />
              </conditions>
            </line>
            <line number="30" hits="4" branch="True" condition-coverage="100% (6/6)">
              <conditions>
                <condition number="411" type="jump" coverage="100%" />
                <condition number="420" type="jump" coverage="100%" />
                <condition number="434" type="jump" coverage="100%" />
              </conditions>
            </line>
            <line number="31" hits="14" branch="True" condition-coverage="75% (3/4)">
              <conditions>
                <condition number="464" type="jump" coverage="100%" />
                <condition number="517" type="jump" coverage="50%" />
              </conditions>
            </line>
            <line number="32" hits="12" branch="True" condition-coverage="75% (3/4)">
              <conditions>
                <condition number="562" type="jump" coverage="100%" />
                <condition number="615" type="jump" coverage="50%" />
              </conditions>
            </line>
            <line number="33" hits="22" branch="True" condition-coverage="75% (3/4)">
              <conditions>
                <condition number="660" type="jump" coverage="100%" />
                <condition number="713" type="jump" coverage="50%" />
              </conditions>
            </line>
            <line number="34" hits="22" branch="True" condition-coverage="75% (3/4)">
              <conditions>
                <condition number="759" type="jump" coverage="100%" />
                <condition number="812" type="jump" coverage="50%" />
              </conditions>
            </line>
            <line number="36" hits="0" branch="False" />
            <line number="38" hits="60" branch="False" />
            <line number="48" hits="1" branch="False" />
            <line number="49" hits="11" branch="False" />
            <line number="50" hits="11" branch="False" />
            <line number="51" hits="1" branch="False" />
            <line number="55" hits="1" branch="False" />
            <line number="56" hits="11" branch="False" />
            <line number="57" hits="1" branch="False" />
          </lines>
        </class>
        <class name="Day5.Lib/getOverlaps@41" filename="home/gabriel/Projects/ggof/aoc/Day5/Day5.Lib/Library.fs" line-rate="1" branch-rate="1" complexity="1">
          <methods>
            <method name="Invoke" signature="(System.Tuple`2&lt;System.Tuple`2&lt;System.Int32,System.Int32&gt;,System.Tuple`2&lt;System.Int32,System.Int32&gt;&gt;)" line-rate="1" branch-rate="1" complexity="1">
              <lines>
                <line number="41" hits="26" branch="False" />
              </lines>
            </method>
          </methods>
          <lines>
            <line number="41" hits="26" branch="False" />
          </lines>
        </class>
        <class name="Day5.Lib/getOverlaps@42-2" filename="home/gabriel/Projects/ggof/aoc/Day5/Day5.Lib/Library.fs" line-rate="1" branch-rate="1" complexity="1">
          <methods>
            <method name="Invoke" signature="(Microsoft.FSharp.Collections.FSharpList`1&lt;Microsoft.FSharp.Collections.FSharpList`1&lt;System.Tuple`2&lt;System.Int32,System.Int32&gt;&gt;&gt;)" line-rate="1" branch-rate="1" complexity="1">
              <lines>
                <line number="42" hits="4" branch="False" />
              </lines>
            </method>
          </methods>
          <lines>
            <line number="42" hits="4" branch="False" />
          </lines>
        </class>
        <class name="Day5.Lib/getOverlaps@43-4" filename="home/gabriel/Projects/ggof/aoc/Day5/Day5.Lib/Library.fs" line-rate="1" branch-rate="1" complexity="1">
          <methods>
            <method name="Invoke" signature="(System.Tuple`2&lt;System.Int32,System.Int32&gt;)" line-rate="1" branch-rate="1" complexity="1">
              <lines>
                <line number="43" hits="83" branch="False" />
              </lines>
            </method>
          </methods>
          <lines>
            <line number="43" hits="83" branch="False" />
          </lines>
        </class>
        <class name="Day5.Lib/getOverlaps@44-7" filename="home/gabriel/Projects/ggof/aoc/Day5/Day5.Lib/Library.fs" line-rate="1" branch-rate="1" complexity="1">
          <methods>
            <method name="Invoke" signature="(System.Tuple`2&lt;System.Tuple`2&lt;System.Int32,System.Int32&gt;,System.Int32&gt;)" line-rate="1" branch-rate="1" complexity="1">
              <lines>
                <line number="44" hits="184" branch="False" />
              </lines>
            </method>
          </methods>
          <lines>
            <line number="44" hits="184" branch="False" />
          </lines>
        </class>
        <class name="Day5.Lib/getOverlaps@45-12" filename="home/gabriel/Projects/ggof/aoc/Day5/Day5.Lib/Library.fs" line-rate="1" branch-rate="1" complexity="1">
          <methods>
            <method name="Invoke" signature="(Microsoft.FSharp.Collections.FSharpList`1&lt;System.Tuple`2&lt;System.Tuple`2&lt;System.Int32,System.Int32&gt;,System.Int32&gt;&gt;)" line-rate="1" branch-rate="1" complexity="1">
              <lines>
                <line number="45" hits="5" branch="False" />
              </lines>
            </method>
          </methods>
          <lines>
            <line number="45" hits="5" branch="False" />
          </lines>
        </class>
        <class name="&lt;StartupCode$Day5-Lib&gt;.$Day5.Lib" filename="home/gabriel/Projects/ggof/aoc/Day5/Day5.Lib/Library.fs" line-rate="1" branch-rate="1" complexity="1">
          <methods>
            <method name=".cctor" signature="()" line-rate="1" branch-rate="1" complexity="1">
              <lines>
                <line number="40" hits="1" branch="False" />
              </lines>
            </method>
          </methods>
          <lines>
            <line number="40" hits="1" branch="False" />
          </lines>
        </class>
      </classes>
    </package>
  </packages>
</coverage>